<?xml version="1.0" encoding="UTF-8"?>
<!-- Generated by org.testng.reporters.JUnitReportReporter -->
<testsuite skipped="0" hostname="MBA0298P.local" name="maiho.selenium.WaitsTest" tests="1" failures="0" timestamp="19 May 2020 08:11:15 GMT" time="67.510" errors="0">
  <testcase name="testFluentWait" time="67.510" classname="maiho.selenium.WaitsTest"/>
</testsuite> <!-- maiho.selenium.WaitsTest -->
