<?xml version="1.0" encoding="UTF-8"?>
<!-- Generated by org.testng.reporters.JUnitReportReporter -->
<testsuite skipped="0" hostname="MBA0298P.local" name="maiho.selenium.DynamicTableTest" tests="2" failures="0" timestamp="20 May 2020 07:33:13 GMT" time="49.218" errors="0">
  <testcase name="testEasy" time="43.905" classname="maiho.selenium.DynamicTableTest"/>
  <testcase name="maxValueCurrentPrice" time="5.313" classname="maiho.selenium.DynamicTableTest"/>
</testsuite> <!-- maiho.selenium.DynamicTableTest -->
