<?xml version="1.0" encoding="UTF-8"?>
<!-- Generated by org.testng.reporters.JUnitReportReporter -->
<testsuite skipped="0" hostname="MBA0298P.local" name="maiho.selenium.DynamicTableTest" tests="2" failures="0" timestamp="20 May 2020 07:10:37 GMT" time="7.399" errors="0">
  <testcase name="testEasy" time="5.343" classname="maiho.selenium.DynamicTableTest"/>
  <testcase name="maxValueCurrentPrice" time="2.056" classname="maiho.selenium.DynamicTableTest"/>
</testsuite> <!-- maiho.selenium.DynamicTableTest -->
