<?xml version="1.0" encoding="UTF-8"?>
<!-- Generated by org.testng.reporters.JUnitReportReporter -->
<testsuite skipped="0" hostname="MBA0298P.local" name="maiho.selenium.DynamicTable" tests="2" failures="0" timestamp="15 May 2020 09:11:56 GMT" time="1.128" errors="0">
  <testcase name="maxValueCurrentPrice" time="1.096" classname="maiho.selenium.DynamicTable"/>
  <testcase name="testEasy" time="0.032" classname="maiho.selenium.DynamicTable"/>
</testsuite> <!-- maiho.selenium.DynamicTable -->
