<?xml version="1.0" encoding="UTF-8"?>
<!-- Generated by org.testng.reporters.JUnitReportReporter -->
<testsuite skipped="0" hostname="MBA0298P.local" name="maiho.selenium.guru99LoginTest" tests="3" failures="0" timestamp="20 May 2020 08:09:13 GMT" time="26.872" errors="0">
  <testcase name="resetTest" time="24.670" classname="maiho.selenium.guru99LoginTest"/>
  <testcase name="loginTest" time="2.130" classname="maiho.selenium.guru99LoginTest"/>
  <testcase name="verifyMangeID" time="0.072" classname="maiho.selenium.guru99LoginTest"/>
</testsuite> <!-- maiho.selenium.guru99LoginTest -->
