<?xml version="1.0" encoding="UTF-8"?>
<!-- Generated by org.testng.reporters.JUnitReportReporter -->
<testsuite skipped="0" hostname="MBA0298P.local" name="maiho.selenium.iFrameTest" tests="1" failures="0" timestamp="20 May 2020 08:09:13 GMT" time="16.083" errors="0">
  <testcase name="testIFrame" time="16.083" classname="maiho.selenium.iFrameTest"/>
</testsuite> <!-- maiho.selenium.iFrameTest -->
