<?xml version="1.0" encoding="UTF-8"?>
<!-- Generated by org.testng.reporters.JUnitReportReporter -->
<testsuite skipped="0" hostname="MBA0298P.local" name="maiho.selenium.iFrameTest" tests="1" failures="0" timestamp="20 May 2020 07:10:37 GMT" time="28.356" errors="0">
  <testcase name="testIFrame" time="28.356" classname="maiho.selenium.iFrameTest"/>
</testsuite> <!-- maiho.selenium.iFrameTest -->
