<?xml version="1.0" encoding="UTF-8"?>
<!-- Generated by org.testng.reporters.JUnitReportReporter -->
<testsuite skipped="0" hostname="MBA0298P.local" name="maiho.selenium.guru99LoginTest" tests="3" failures="0" timestamp="15 May 2020 09:12:01 GMT" time="4.302" errors="0">
  <testcase name="resetTest" time="0.438" classname="maiho.selenium.guru99LoginTest"/>
  <testcase name="loginTest" time="3.825" classname="maiho.selenium.guru99LoginTest"/>
  <testcase name="verifyMangeID" time="0.039" classname="maiho.selenium.guru99LoginTest"/>
</testsuite> <!-- maiho.selenium.guru99LoginTest -->
